Flutter crash report.
Please report a bug at https://github.com/flutter/flutter/issues.

## command

flutter run -d chrome

## exception

OutOfMemoryError: Out of Memory

```
#0      new Uint8List (dart:typed_data-patch/typed_data_patch.dart:2403:3)
#1      _File.readAsBytesSync (dart:io/file_impl.dart:679:16)
#2      ForwardingFile.readAsBytesSync (package:file/src/forwarding/forwarding_file.dart:91:43)
#3      ForwardingFile.readAsBytesSync (package:file/src/forwarding/forwarding_file.dart:91:43)
#4      WebMemoryFS.write (package:flutter_tools/src/web/memory_fs.dart:29:42)
#5      WebDevFS.update (package:flutter_tools/src/isolated/devfs_web.dart:397:44)
#6      _rootRunUnary (dart:async/zone.dart:1538:47)
#7      _CustomZone.runUnary (dart:async/zone.dart:1429:19)
#8      Future._propagateToListeners.handleValueCallback (dart:async/future_impl.dart:948:45)
#9      Future._propagateToListeners (dart:async/future_impl.dart:977:13)
#10     Future._completeWithValue (dart:async/future_impl.dart:720:5)
#11     Future._asyncCompleteWithValue.<anonymous closure> (dart:async/future_impl.dart:804:7)
#12     _rootRun (dart:async/zone.dart:1525:13)
#13     _CustomZone.run (dart:async/zone.dart:1422:19)
#14     _CustomZone.runGuarded (dart:async/zone.dart:1321:7)
#15     _CustomZone.bindCallbackGuarded.<anonymous closure> (dart:async/zone.dart:1362:23)
#16     _microtaskLoop (dart:async/schedule_microtask.dart:40:35)
#17     _startMicrotaskLoop (dart:async/schedule_microtask.dart:49:5)
#18     _runPendingImmediateCallback (dart:isolate-patch/isolate_patch.dart:127:13)
#19     _RawReceivePort._handleMessage (dart:isolate-patch/isolate_patch.dart:194:5)
```

## flutter doctor

```
[32m[✓][39m Flutter (Channel stable, 3.38.5, on Microsoft Windows [Version
    10.0.22635.5305], locale en-IN) [670ms]
    [32m•[39m Flutter version 3.38.5 on channel stable at E:\flutter
    [32m•[39m Upstream repository https://github.com/flutter/flutter.git
    [32m•[39m Framework revision f6ff1529fd (2 weeks ago), 2025-12-11 11:50:07
      -0500
    [32m•[39m Engine revision 1527ae0ec5
    [32m•[39m Dart version 3.10.4
    [32m•[39m DevTools version 2.51.1
    [32m•[39m Feature flags: enable-web, enable-linux-desktop,
      enable-macos-desktop, enable-windows-desktop, enable-android,
      enable-ios, cli-animations, enable-native-assets,
      omit-legacy-version-file, enable-lldb-debugging

[33m[!][39m Windows Version (Problem detected with Windows installation) [757ms]
    [33m![39m Get-Process failed to complete

[31m[✗][39m Android toolchain - develop for Android devices [217ms]
    [32m•[39m Android SDK at C:\Users\HP\AppData\Local\Android\sdk
    [32m•[39m Emulator version unknown
    [31m✗[39m cmdline-tools component is missing.
      Try installing or updating Android Studio.
      Alternatively, download the tools from
      https://developer.android.com/studio#command-line-tools-only and
      make sure to set the ANDROID_HOME environment variable.
      See https://developer.android.com/studio/command-line for more
      details.

[32m[✓][39m Chrome - develop for the web [25ms]
    [32m•[39m Chrome at C:\Program Files\Google\Chrome\Application\chrome.exe

[31m[✗][39m Visual Studio - develop Windows apps [22ms]
    [31m✗[39m Visual Studio not installed; this is necessary to develop Windows
      apps.
      Download at https://visualstudio.microsoft.com/downloads/.
      Please install the "Desktop development with C++" workload,
      including all of its default components

[32m[✓][39m Connected device (3 available) [350ms]
    [32m•[39m Windows (desktop) • windows • windows-x64    • Microsoft Windows
      [Version 10.0.22635.5305]
    [32m•[39m Chrome (web)      • chrome  • web-javascript • Google Chrome
      143.0.7499.170
    [32m•[39m Edge (web)        • edge    • web-javascript • Microsoft Edge
      144.0.3719.35

[32m[✓][39m Network resources [1,089ms]
    [32m•[39m All expected network resources are available.

[33m![39m Doctor found issues in 3 categories.
```
